<?xml version="1.0" encoding="UTF-8"?>
<!-- Generated by org.testng.reporters.JUnitReportReporter -->
<testsuite hostname="andy" name="com.vk.test.TestLogIn" tests="2" failures="0" timestamp="18 Sep 2016 06:45:43 GMT" time="16.718" errors="0">
  <testcase name="loginWithPhone" time="11.031" classname="com.vk.test.TestLogIn"/>
  <testcase name="loginWithEmail" time="5.687" classname="com.vk.test.TestLogIn"/>
</testsuite> <!-- com.vk.test.TestLogIn -->
