<?xml version="1.0" encoding="UTF-8"?>
<!-- Generated by org.testng.reporters.JUnitReportReporter -->
<testsuite hostname="andy" name="com.vk.test.TestForgotPass" tests="1" failures="0" timestamp="18 Sep 2016 06:45:43 GMT" time="0.422" errors="0">
  <testcase name="loginIncorrect" time="0.422" classname="com.vk.test.TestForgotPass"/>
</testsuite> <!-- com.vk.test.TestForgotPass -->
