<?xml version="1.0" encoding="UTF-8"?>
<!-- Generated by org.testng.reporters.JUnitReportReporter -->
<testsuite hostname="andy" name="com.vk.test.TestEmptyField" tests="2" failures="0" timestamp="18 Sep 2016 06:45:43 GMT" time="2.172" errors="0">
  <testcase name="LoginEmptyFoeld" time="1.062" classname="com.vk.test.TestEmptyField"/>
  <testcase name="SignupEmptyField" time="1.110" classname="com.vk.test.TestEmptyField"/>
</testsuite> <!-- com.vk.test.TestEmptyField -->
