<?xml version="1.0" encoding="UTF-8"?>
<!-- Generated by org.testng.reporters.JUnitReportReporter -->
<testsuite hostname="andy" name="com.vk.test.TestRegistrationForm" tests="4" failures="0" timestamp="17 Sep 2016 18:07:55 GMT" time="0.296" errors="0">
  <testcase name="testSetMonth" time="0.078" classname="com.vk.test.TestRegistrationForm"/>
  <testcase name="testSex" time="0.078" classname="com.vk.test.TestRegistrationForm"/>
  <testcase name="testSetYear" time="0.062" classname="com.vk.test.TestRegistrationForm"/>
  <testcase name="testSetDay" time="0.078" classname="com.vk.test.TestRegistrationForm"/>
</testsuite> <!-- com.vk.test.TestRegistrationForm -->
