<?xml version="1.0" encoding="UTF-8"?>
<!-- Generated by org.testng.reporters.JUnitReportReporter -->
<testsuite hostname="andy" name="com.vk.test.TestLeftSideBar" tests="9" failures="0" timestamp="18 Sep 2016 06:45:43 GMT" time="16.672" errors="0">
  <testcase name="clickingOnMenuCommunities" time="1.015" classname="com.vk.test.TestLeftSideBar"/>
  <testcase name="clickingOnMenuMyProfile" time="0.875" classname="com.vk.test.TestLeftSideBar"/>
  <testcase name="clickingOnMenuMessages" time="2.188" classname="com.vk.test.TestLeftSideBar"/>
  <testcase name="clickingOnMenuPhotos" time="1.328" classname="com.vk.test.TestLeftSideBar"/>
  <testcase name="clickingOnMenuAudios" time="3.032" classname="com.vk.test.TestLeftSideBar"/>
  <testcase name="clickingOnMenuGames" time="2.093" classname="com.vk.test.TestLeftSideBar"/>
  <testcase name="clickingOnMenuFriends" time="1.485" classname="com.vk.test.TestLeftSideBar"/>
  <testcase name="clickingOnMenuVideos" time="4.000" classname="com.vk.test.TestLeftSideBar"/>
  <testcase name="clickingOnMenuNews" time="0.656" classname="com.vk.test.TestLeftSideBar"/>
</testsuite> <!-- com.vk.test.TestLeftSideBar -->
