<?xml version="1.0" encoding="UTF-8"?>
<!-- Generated by org.testng.reporters.JUnitReportReporter -->
<testsuite hostname="andy" name="com.vk.test.TestPostWall" tests="1" failures="0" timestamp="16 Sep 2016 20:45:14 GMT" time="6.875" errors="0">
  <testcase name="addPostOnMyPage" time="6.875" classname="com.vk.test.TestPostWall"/>
</testsuite> <!-- com.vk.test.TestPostWall -->
