<?xml version="1.0" encoding="UTF-8"?>
<!-- Generated by org.testng.reporters.JUnitReportReporter -->
<testsuite hostname="andy" name="com.vk.test.TestSignUp" tests="1" failures="0" timestamp="18 Sep 2016 06:45:43 GMT" time="0.484" errors="0">
  <testcase name="testSignUp" time="0.484" classname="com.vk.test.TestSignUp"/>
</testsuite> <!-- com.vk.test.TestSignUp -->
